<?xml version="1.0" encoding="UTF-8"?>
<testng-results skipped="0" failed="0" total="1" passed="1">
  <reporter-output>
  </reporter-output>
  <suite name="Default suite" duration-ms="22" started-at="2015-09-26T04:48:41Z" finished-at="2015-09-26T04:48:41Z">
    <groups>
    </groups>
    <test name="Default test" duration-ms="22" started-at="2015-09-26T04:48:41Z" finished-at="2015-09-26T04:48:41Z">
      <class name="DEMO_GITHUB_TEST1">
        <test-method status="PASS" signature="unitTest_Start()[pri:0, instance:DEMO_GITHUB_TEST1@77f03bb1]" name="unitTest_Start" is-config="true" duration-ms="11" started-at="2015-09-26T00:48:41Z" finished-at="2015-09-26T00:48:41Z">
          <reporter-output>
          </reporter-output>
        </test-method> <!-- unitTest_Start -->
        <test-method status="PASS" signature="unitTest_Setup()[pri:0, instance:DEMO_GITHUB_TEST1@77f03bb1]" name="unitTest_Setup" is-config="true" duration-ms="0" started-at="2015-09-26T00:48:41Z" finished-at="2015-09-26T00:48:41Z">
          <reporter-output>
          </reporter-output>
        </test-method> <!-- unitTest_Setup -->
        <test-method status="PASS" signature="unitTest_Test1()[pri:0, instance:DEMO_GITHUB_TEST1@77f03bb1]" name="unitTest_Test1" duration-ms="6" started-at="2015-09-26T00:48:41Z" finished-at="2015-09-26T00:48:41Z">
          <reporter-output>
          </reporter-output>
        </test-method> <!-- unitTest_Test1 -->
        <test-method status="PASS" signature="unitTest_End()[pri:0, instance:DEMO_GITHUB_TEST1@77f03bb1]" name="unitTest_End" is-config="true" duration-ms="0" started-at="2015-09-26T00:48:41Z" finished-at="2015-09-26T00:48:41Z">
          <reporter-output>
          </reporter-output>
        </test-method> <!-- unitTest_End -->
        <test-method status="PASS" signature="unitTest_()[pri:0, instance:DEMO_GITHUB_TEST1@77f03bb1]" name="unitTest_" is-config="true" duration-ms="0" started-at="2015-09-26T00:48:41Z" finished-at="2015-09-26T00:48:41Z">
          <reporter-output>
          </reporter-output>
        </test-method> <!-- unitTest_ -->
      </class> <!-- DEMO_GITHUB_TEST1 -->
    </test> <!-- Default test -->
  </suite> <!-- Default suite -->
</testng-results>
